<?xml version="1.0" encoding="UTF-8"?>
<testsuites>
<testsuite name="JUnitXmlReporter" errors="0" tests="0" failures="0" time="0" timestamp="2013-05-24T10:23:58" />
<testsuite name="JUnitXmlReporter.constructor" errors="0" skipped="1" tests="3" failures="1" time="0.006" timestamp="2013-05-24T10:23:58">
  <properties>
    <property name="java.vendor" value="Sun Microsystems Inc." />
    <property name="compiler.debug" value="on" />
    <property name="project.jdk.classpath" value="jdk.classpath.1.6" />
  </properties>
  <testcase classname="JUnitXmlReporter.constructor" name="should default path to an empty string" time="0.006">
    <failure message="test failure">Assertion failed</failure>
  </testcase>
  <testcase classname="JUnitXmlReporter.constructor" name="should default consolidate to true" time="0">
    <skipped />
  </testcase>
  <testcase classname="JUnitXmlReporter.constructor2" name="should default useDotNotation to true1" time="10" />
  <testcase classname="JUnitXmlReporter.constructor3" name="should default useDotNotation to true2" time="0" />
  <testcase classname="JUnitXmlReporter.constructor4" name="should default useDotNotation to true3" time="20" />
  <testcase classname="JUnitXmlReporter.constructor5" name="should default useDotNotation to true4" time="0" />
  <testcase classname="JUnitXmlReporter.constructor" name="should default path to an empty string" time="0.006">
    <failure message="Bad things">Assertion failed</failure>
    <failure message="Bad things2">Assertion failed2</failure>
  </testcase>
</testsuite>
</testsuites>
